<?xml version="1.0" encoding="UTF-8"?>
<!-- Generated by org.testng.reporters.JUnitXMLReporter -->
<testsuite hostname="DESKTOP-FQJI2AJ" ignored="0" name="Test" tests="2" failures="0" timestamp="10 oct. 2019 08:25:09 GMT" time="2.646" errors="0">
  <testcase name="feature" time="2.338" classname="starter.testRunner.CucumberTestSuite">
    <skipped/>
  </testcase> <!-- feature -->
  <testcase name="feature" time="0.009" classname="starter.testRunner.CucumberTestSuite">
    <skipped/>
  </testcase> <!-- feature -->
</testsuite> <!-- Test -->
